<?xml version="1.0" encoding="UTF-8"?>
<beans xmlns="http://www.springframework.org/schema/beans"
xmlns:xsi="http://www.w3.org/2001/XMLSchema-instance"
xmlns:context="http://www.springframework.org/schema/context" xmlns:util="http://www.springframework.org/schema/util"
xsi:schemaLocation="http://www.springframework.org/schema/beans http://www.springframework.org/schema/beans/spring-beans-4.1.xsd
  http://www.springframework.org/schema/context http://www.springframework.org/schema/context/spring-context-4.1.xsd http://www.springframework.org/schema/util http://www.springframework.org/schema/util/spring-util.xsd">
  <bean id="systemProps"
  class="org.springframework.beans.factory.config.MethodInvokingFactoryBean">
    <property name="targetObject" value="#{@systemProperties}" />
    <property name="targetMethod" value="putAll" />
    <property name="arguments">
      <util:properties>
        <prop key="drools.dump.dir">target/test-classes</prop>
      </util:properties>
    </property>
  </bean>
  <bean id="testFixtureProperties" class="org.springframework.beans.factory.config.PropertyPlaceholderConfigurer">
    <property name="locations">
      <list>
        <value>file:src/test/resources/test-fixture.properties</value>
      </list>
    </property>
    <property name="ignoreResourceNotFound" value="true"/>
  </bean>

  <bean id="serviceRegistry" class="org.opennms.core.soa.support.DefaultServiceRegistry"/>
  <bean id="eventIpcManager" class="org.opennms.netmgt.dao.mock.MockEventIpcManager"/>
  <bean id="metricRegistry" class="com.codahale.metrics.MetricRegistry"/>
  <bean id="correlator" class="com.example.sample.drools.MockCorrelator"/>
  <bean id="droolsCorrelationEngineBuilderConfigurationDirectory" class="java.io.File">
    <constructor-arg value="src/test/opennms-home/etc/drools-engine.d"/>
  </bean>

  <bean id="droolsCorrelationEngineBuilder"
    class="org.opennms.netmgt.correlation.drools.DroolsCorrelationEngineBuilder">
    <property name="eventIpcManager" ref="eventIpcManager"/>
    <property name="metricRegistry" ref="metricRegistry"/>
    <property name="correlationEngineRegistrar" ref="correlator"/>
    <property name="configurationDirectory" ref="droolsCorrelationEngineBuilderConfigurationDirectory"/>
  </bean>

</beans>